Error page rendered. Header: custom_error, message: custom_error, status: 404
WARNING 2025-01-14 14:53:13,713 views file_logger Error page rendered. Header: another_custom_error, message: another_custom_error, status: 404
WARNING 2025-01-14 15:19:03,674 views file_logger Error page rendered. Header: another_custom_error, message: another_custom_error, status: 404
WARNING 2025-01-14 15:19:37,346 views file_logger Error page rendered. Header: another_custom_error, message: another_custom_error, status: 404
WARNING 2025-01-14 15:21:53,290 views file_logger Error page rendered. Header: another_custom_error, message: another_custom_error, status: 404
WARNING 2025-01-14 15:22:59,241 views file_logger Error page rendered. Header: another_custom_error, message: another_custom_error, status: 404
WARNING 2025-01-14 15:23:06,966 views file_logger Error page rendered. Header: another_custom_error, message: another_custom_error, status: 404
WARNING 2025-01-14 15:23:54,330 views file_logger Error page rendered. Header: another_custom_error, message: another_custom_error, status: 404
WARNING 2025-01-14 15:23:59,319 views file_logger Error page rendered. Header: another_custom_error, message: another_custom_error, status: 404
WARNING 2025-01-14 15:24:35,631 views file_logger Error page rendered. Header: another_custom_error, message: another_custom_error, status: 404
WARNING 2025-01-14 15:25:06,664 views file_logger Error page rendered. Header: another_custom_error, message: another_custom_error, status: 404
WARNING 2025-01-14 15:25:53,691 views file_logger Error page rendered. Header: another_custom_error, message: another_custom_error, status: 404
WARNING 2025-01-14 15:26:45,647 views file_logger Error page rendered. Header: another_custom_error, message: another_custom_error, status: 404
WARNING 2025-01-14 15:26:45,982 views file_logger Error page rendered. Header: another_custom_error, message: another_custom_error, status: 404
WARNING 2025-01-14 15:26:46,201 views file_logger Error page rendered. Header: another_custom_error, message: another_custom_error, status: 404
WARNING 2025-01-14 15:26:46,358 views file_logger Error page rendered. Header: another_custom_error, message: another_custom_error, status: 404
WARNING 2025-01-14 15:26:46,492 views file_logger Error page rendered. Header: another_custom_error, message: another_custom_error, status: 404
WARNING 2025-01-14 15:26:46,643 views file_logger Error page rendered. Header: another_custom_error, message: another_custom_error, status: 404
WARNING 2025-01-14 15:26:46,778 views file_logger Error page rendered. Header: another_custom_error, message: another_custom_error, status: 404
WARNING 2025-01-14 15:26:46,920 views file_logger Error page rendered. Header: another_custom_error, message: another_custom_error, status: 404
WARNING 2025-01-14 15:26:47,056 views file_logger Error page rendered. Header: another_custom_error, message: another_custom_error, status: 404
WARNING 2025-01-14 15:26:47,208 views file_logger Error page rendered. Header: another_custom_error, message: another_custom_error, status: 404
WARNING 2025-01-14 15:26:47,341 views file_logger Error page rendered. Header: another_custom_error, message: another_custom_error, status: 404
WARNING 2025-01-14 15:26:47,490 views file_logger Error page rendered. Header: another_custom_error, message: another_custom_error, status: 404
WARNING 2025-01-14 15:26:47,626 views file_logger Error page rendered. Header: another_custom_error, message: another_custom_error, status: 404
WARNING 2025-01-14 15:28:22,127 views file_logger Error page rendered. Header: another_custom_error, message: another_custom_error, status: 404
WARNING 2025-01-14 15:29:05,049 views file_logger Error page rendered. Header: another_custom_error, message: another_custom_error, status: 404
WARNING 2025-01-14 15:30:11,028 views file_logger Error page rendered. Header: another_custom_error, message: another_custom_error, status: 404
WARNING 2025-01-14 15:31:12,741 views file_logger Error page rendered. Header: another_custom_error, message: another_custom_error, status: 404
WARNING 2025-01-14 15:31:24,186 views file_logger Error page rendered. Header: another_custom_error, message: another_custom_error, status: 404
WARNING 2025-01-14 15:31:31,671 views file_logger Error page rendered. Header: another_custom_error, message: another_custom_error, status: 404
WARNING 2025-01-14 15:31:44,908 views file_logger Error page rendered. Header: another_custom_error, message: another_custom_error, status: 404
WARNING 2025-01-14 15:34:55,374 views file_logger Error page rendered. Header: another_custom_error, message: another_custom_error, status: 404
WARNING 2025-01-14 15:35:33,512 views file_logger Error page rendered. Header: another_custom_error, message: another_custom_error, status: 404
WARNING 2025-01-14 15:36:36,869 views file_logger Error page rendered. Header: another_custom_error, message: another_custom_error, status: 404
WARNING 2025-01-14 15:36:51,981 views file_logger Error page rendered. Header: another_custom_error, message: another_custom_error, status: 404
WARNING 2025-01-14 15:36:58,934 views file_logger Error page rendered. Header: another_custom_error, message: another_custom_error, status: 404
WARNING 2025-01-14 15:36:59,812 views file_logger Error page rendered. Header: another_custom_error, message: another_custom_error, status: 404
WARNING 2025-01-14 15:38:16,827 views file_logger Error page rendered. Header: another_custom_error, message: another_custom_error, status: 404
WARNING 2025-01-14 15:38:37,918 views file_logger Error page rendered. Header: another_custom_error, message: another_custom_error, status: 404
WARNING 2025-01-14 15:38:45,517 views file_logger Error page rendered. Header: another_custom_error, message: another_custom_error, status: 404
WARNING 2025-01-14 15:39:06,674 views file_logger Error page rendered. Header: another_custom_error, message: another_custom_error, status: 404
WARNING 2025-01-14 15:39:16,037 views file_logger Error page rendered. Header: another_custom_error, message: another_custom_error, status: 404
WARNING 2025-01-14 15:39:30,949 views file_logger Error page rendered. Header: another_custom_error, message: another_custom_error, status: 404
WARNING 2025-01-14 15:40:02,886 views file_logger Error page rendered. Header: another_custom_error, message: another_custom_error, status: 404
WARNING 2025-01-14 15:40:28,631 views file_logger Error page rendered. Header: another_custom_error, message: another_custom_error, status: 404
WARNING 2025-01-14 15:40:38,167 views file_logger Error page rendered. Header: another_custom_error, message: another_custom_error, status: 404
WARNING 2025-01-14 15:40:54,023 views file_logger Error page rendered. Header: another_custom_error, message: another_custom_error, status: 404
WARNING 2025-01-14 15:41:03,542 views file_logger Error page rendered. Header: another_custom_error, message: another_custom_error, status: 404
WARNING 2025-01-14 15:41:24,053 views file_logger Error page rendered. Header: another_custom_error, message: another_custom_error, status: 404
WARNING 2025-01-14 15:41:30,449 views file_logger Error page rendered. Header: another_custom_error, message: another_custom_error, status: 404
WARNING 2025-01-14 15:42:20,051 views file_logger Error page rendered. Header: another_custom_error, message: another_custom_error, status: 404
WARNING 2025-01-14 15:42:39,242 views file_logger Error page rendered. Header: another_custom_error, message: another_custom_error, status: 404
WARNING 2025-01-14 15:43:55,281 views file_logger Error page rendered. Header: another_custom_error, message: another_custom_error, status: 404
WARNING 2025-01-14 15:44:04,998 views file_logger Error page rendered. Header: another_custom_error, message: another_custom_error, status: 404
WARNING 2025-01-14 15:44:29,512 views file_logger Error page rendered. Header: another_custom_error, message: another_custom_error, status: 404
WARNING 2025-01-14 15:45:17,538 views file_logger Error page rendered. Header: another_custom_error, message: another_custom_error, status: 404
WARNING 2025-01-14 15:45:18,977 views file_logger Error page rendered. Header: another_custom_error, message: another_custom_error, status: 404
WARNING 2025-01-14 15:45:29,443 views file_logger Error page rendered. Header: another_custom_error, message: another_custom_error, status: 404
WARNING 2025-01-14 15:46:11,231 views file_logger Error page rendered. Header: another_custom_error, message: another_custom_error, status: 404
WARNING 2025-01-14 15:46:33,014 views file_logger Error page rendered. Header: another_custom_error, message: another_custom_error, status: 404
WARNING 2025-01-14 15:46:55,323 views file_logger Error page rendered. Header: another_custom_error, message: another_custom_error, status: 404
WARNING 2025-01-14 15:47:09,582 views file_logger Error page rendered. Header: another_custom_error, message: another_custom_error, status: 404
WARNING 2025-01-14 15:47:17,352 views file_logger Error page rendered. Header: another_custom_error, message: another_custom_error, status: 404
WARNING 2025-01-14 15:47:44,575 views file_logger Error page rendered. Header: another_custom_error, message: another_custom_error, status: 404
WARNING 2025-01-14 15:48:36,224 views file_logger Error page rendered. Header: another_custom_error, message: another_custom_error, status: 404
WARNING 2025-01-14 15:49:07,922 views file_logger Error page rendered. Header: another_custom_error, message: another_custom_error, status: 404
WARNING 2025-01-14 15:49:49,411 views file_logger Error page rendered. Header: another_custom_error, message: another_custom_error, status: 404
WARNING 2025-01-14 15:50:55,970 views file_logger Error page rendered. Header: another_custom_error, message: another_custom_error, status: 404
WARNING 2025-01-14 15:51:10,922 views file_logger Error page rendered. Header: another_custom_error, message: another_custom_error, status: 404
WARNING 2025-01-14 15:52:41,075 views file_logger Error page rendered. Header: another_custom_error, message: another_custom_error, status: 404
WARNING 2025-01-14 15:53:41,007 views file_logger Error page rendered. Header: another_custom_error, message: another_custom_error, status: 404
WARNING 2025-01-14 15:55:33,588 views file_logger Error page rendered. Header: another_custom_error, message: another_custom_error, status: 404
WARNING 2025-01-14 15:55:40,440 views file_logger Error page rendered. Header: another_custom_error, message: another_custom_error, status: 404
WARNING 2025-01-14 15:55:50,638 views file_logger Error page rendered. Header: another_custom_error, message: another_custom_error, status: 404
WARNING 2025-01-14 15:56:38,889 views file_logger Error page rendered. Header: another_custom_error, message: another_custom_error, status: 404
WARNING 2025-01-14 15:56:54,686 views file_logger Error page rendered. Header: another_custom_error, message: another_custom_error, status: 404
WARNING 2025-01-14 15:59:33,191 views file_logger Error page rendered. Header: another_custom_error, message: another_custom_error, status: 404
WARNING 2025-01-14 16:00:12,441 views file_logger Error page rendered. Header: another_custom_error, message: another_custom_error, status: 404
WARNING 2025-01-14 16:02:35,871 views file_logger Error page rendered. Header: another_custom_error, message: another_custom_error, status: 404
WARNING 2025-01-14 16:03:26,837 views file_logger Error page rendered. Header: another_custom_error, message: another_custom_error, status: 404
WARNING 2025-01-14 16:04:59,056 views file_logger Error page rendered. Header: another_custom_error, message: another_custom_error, status: 404
WARNING 2025-01-14 16:05:58,415 views file_logger Error page rendered. Header: another_custom_error, message: another_custom_error, status: 404
WARNING 2025-01-14 16:06:36,775 views file_logger Error page rendered. Header: another_custom_error, message: another_custom_error, status: 404
WARNING 2025-01-14 16:07:12,256 views file_logger Error page rendered. Header: another custom error, message: another custom error, status: 404
CRITICAL 2025-01-14 16:23:55,695 views file_logger Unauthorized attempt to access home page content.
CRITICAL 2025-01-14 16:25:43,948 views file_logger Unauthorized attempt to access home page content.
CRITICAL 2025-01-14 16:28:21,555 views file_logger Unauthorized attempt to access home page content.
CRITICAL 2025-01-14 16:29:56,636 views file_logger Unauthorized attempt to access home page content.
CRITICAL 2025-01-14 16:33:08,618 views file_logger Unauthorized attempt to access home page content.
CRITICAL 2025-01-14 16:33:50,732 views file_logger Unauthorized attempt to access home page content.
CRITICAL 2025-01-14 16:36:32,271 views file_logger Source not in allowed origins.
CRITICAL 2025-01-14 16:36:32,271 views file_logger Unauthorized attempt to access home page content.
WARNING 2025-01-14 16:37:06,391 views file_logger Source not in allowed origins.
CRITICAL 2025-01-14 16:37:06,391 views file_logger Unauthorized attempt to access home page content.
WARNING 2025-01-14 16:38:13,629 views file_logger Source not in allowed origins.
CRITICAL 2025-01-14 16:38:13,629 views file_logger Unauthorized attempt to access home page content.
WARNING 2025-01-14 16:39:27,008 views file_logger Source not in allowed origins.
CRITICAL 2025-01-14 16:39:27,008 views file_logger Unauthorized attempt to access home page content.
WARNING 2025-01-14 16:40:30,502 views file_logger Source not in allowed origins.
CRITICAL 2025-01-14 16:40:30,502 views file_logger Unauthorized attempt to access home page content.
WARNING 2025-01-14 16:41:11,526 views file_logger Source not in allowed origins.
CRITICAL 2025-01-14 16:41:11,526 views file_logger Unauthorized attempt to access home page content.
WARNING 2025-01-14 16:46:53,126 views file_logger Source not in allowed origins.
CRITICAL 2025-01-14 16:46:53,126 views file_logger Unauthorized attempt to access home page content.
WARNING 2025-01-14 16:47:51,975 views file_logger Source not in allowed origins.
CRITICAL 2025-01-14 16:47:51,975 views file_logger Unauthorized attempt to access home page content.
WARNING 2025-01-14 17:13:06,755 views file_logger Source not in allowed origins.
CRITICAL 2025-01-14 17:13:06,756 views file_logger Unauthorized attempt to access home page content.
WARNING 2025-01-14 17:14:20,031 views file_logger Source not in allowed origins. This source: http://127.0.0.1:8000/, allowed sources: ['http://127.0.0.1:8000', 'https://www.vojtechcerny.tech', 'https://vojtechcerny.tech', 'http://localhost:8000']
CRITICAL 2025-01-14 17:14:20,031 views file_logger Unauthorized attempt to access home page content.
WARNING 2025-01-14 17:15:12,136 views file_logger Source not in allowed origins. This source: http://127.0.0.1:8000/, allowed sources: ['http://127.0.0.1:8000', 'https://www.vojtechcerny.tech', 'https://vojtechcerny.tech', 'http://localhost:8000']
CRITICAL 2025-01-14 17:15:12,136 views file_logger Unauthorized attempt to access home page content.
WARNING 2025-01-14 17:15:34,735 views file_logger Source not in allowed origins. This source: http://127.0.0.1:8000/, allowed sources: ['http://127.0.0.1:8000', 'https://www.vojtechcerny.tech', 'https://vojtechcerny.tech', 'http://localhost:8000']
CRITICAL 2025-01-14 17:15:34,735 views file_logger Unauthorized attempt to access home page content.
WARNING 2025-01-14 17:19:27,703 views file_logger Source not in allowed origins. This source: http://127.0.0.1:8000/, allowed sources: ['http://127.0.0.1:8000', 'https://www.vojtechcerny.tech', 'https://vojtechcerny.tech', 'http://localhost:8000']
CRITICAL 2025-01-14 17:19:27,703 views file_logger Unauthorized attempt to access home page content.
WARNING 2025-01-14 17:23:06,119 views file_logger Unhandled error: 'str' object has no attribute 'rstript'
WARNING 2025-01-14 17:23:36,300 views file_logger Unhandled error: 'str' object has no attribute 'rstript'
WARNING 2025-01-14 17:23:47,654 views file_logger Unhandled error: earliest() and latest() require either fields as positional arguments or 'get_latest_by' in the model's Meta.
WARNING 2025-01-14 18:13:32,596 views file_logger Unhandled error: In order to allow non-dict objects to be serialized set the safe parameter to False.
WARNING 2025-01-15 13:03:56,860 views file_logger Error page rendered. Header: Too many requests, message: You have made too many requests. Please try again tomorrow., status: 429
WARNING 2025-01-15 13:04:48,909 views file_logger Error page rendered. Header: Too many requests, message: You have made too many requests. Please try again tomorrow., status: 429
WARNING 2025-01-15 13:09:17,166 views file_logger Error page rendered. Header: Too many requests, message: You have made too many requests. Please try again tomorrow., status: 429
WARNING 2025-01-15 13:12:37,278 views file_logger Error page rendered. Header: Too many requests, message: You have made too many requests. Please try again tomorrow., status: 429
WARNING 2025-01-15 13:12:37,333 views file_logger Error page rendered. Header: Too many requests, message: You have made too many requests. Please try again tomorrow., status: 429
WARNING 2025-01-15 13:12:50,417 views file_logger Error page rendered. Header: Too many requests, message: You have made too many requests. Please try again tomorrow., status: 429
WARNING 2025-01-15 13:12:50,470 views file_logger Error page rendered. Header: Too many requests, message: You have made too many requests. Please try again tomorrow., status: 429
WARNING 2025-01-15 16:41:54,932 views file_logger Incorrect API key.
CRITICAL 2025-01-15 16:41:54,934 views file_logger There has been an unauthorized attempt to list a file.
WARNING 2025-01-15 19:43:07,656 views file_logger CV was downloaded.
WARNING 2025-01-15 19:45:58,207 views file_logger CV was downloaded.
WARNING 2025-01-15 19:47:20,459 views file_logger CV was downloaded.
WARNING 2025-01-15 22:22:17,915 views file_logger CV was downloaded.
WARNING 2025-01-16 17:34:46,691 views file_logger CV was downloaded.
WARNING 2025-01-17 13:15:19,708 views file_logger Source not in allowed origins. This source: http://127.0.0.1:8000/?name=Vojt%C4%9Bch+%C4%8Cern%C3%BD&email=bvojtik.c%40gmail.com&subject=Test+message&message=This+is+a+test+message+to+see+whether+the+email+form+works., allowed sources: ['http://127.0.0.1:8000', 'https://www.vojtechcerny.tech', 'https://vojtechcerny.tech', 'http://localhost:8000']
CRITICAL 2025-01-17 13:15:19,709 views file_logger Unauthorized attempt to access home page content.
WARNING 2025-01-17 13:21:45,480 views file_logger Source not in allowed origins. This source: http://127.0.0.1:8000/?name=Vojt%C4%9Bch+%C4%8Cern%C3%BD&email=bvojtik.c%40gmail.com&subject=Test+message&message=This+is+a+test+message+to+see+whether+the+email+form+works., allowed sources: ['http://127.0.0.1:8000', 'https://www.vojtechcerny.tech', 'https://vojtechcerny.tech', 'http://localhost:8000']
CRITICAL 2025-01-17 13:21:45,480 views file_logger Unauthorized attempt to access home page content.
WARNING 2025-01-17 13:21:56,533 views file_logger Source not in allowed origins. This source: http://127.0.0.1:8000/?name=Vojt%C4%9Bch+%C4%8Cern%C3%BD&email=bvojtik.c%40gmail.com&subject=Test+message&message=This+is+a+test+message+to+see+whether+the+email+form+works., allowed sources: ['http://127.0.0.1:8000', 'https://www.vojtechcerny.tech', 'https://vojtechcerny.tech', 'http://localhost:8000']
CRITICAL 2025-01-17 13:21:56,534 views file_logger Unauthorized attempt to access home page content.
WARNING 2025-01-17 13:24:31,714 views file_logger Source not in allowed origins. This source: http://127.0.0.1:8000/?name=Vojt%C4%9Bch+%C4%8Cern%C3%BD&email=bvojtik.c%40gmail.com&subject=Test+message&message=This+is+a+test+message., allowed sources: ['http://127.0.0.1:8000', 'https://www.vojtechcerny.tech', 'https://vojtechcerny.tech', 'http://localhost:8000']
CRITICAL 2025-01-17 13:24:31,714 views file_logger Unauthorized attempt to access home page content.
WARNING 2025-01-17 13:26:07,218 views file_logger Source not in allowed origins. This source: http://127.0.0.1:8000/?name=Vojt%C4%9Bch+%C4%8Cern%C3%BD&email=bvojtik.c%40gmail.com&subject=Test+message&message=This+is+a+test+message., allowed sources: ['http://127.0.0.1:8000', 'https://www.vojtechcerny.tech', 'https://vojtechcerny.tech', 'http://localhost:8000']
CRITICAL 2025-01-17 13:26:07,218 views file_logger Unauthorized attempt to access home page content.
ERROR 2025-01-17 13:49:32,689 views file_logger An error occured while sending confirmation mail. Error: 200, Content: {'Messages': [{'Status': 'success', 'CustomID': '', 'To': [{'Email': 'bvojtik.c@gmail.com', 'MessageUUID': '32e91843-8cbe-4cf8-897e-92f5e8acb079', 'MessageID': 576460780372304822, 'MessageHref': 'https://api.mailjet.com/v3/REST/message/576460780372304822'}], 'Cc': [], 'Bcc': []}]}
ERROR 2025-01-17 13:49:32,939 views file_logger An error occured while sending confirmation mail. Error: 200, Content: {'Messages': [{'Status': 'success', 'CustomID': '', 'To': [{'Email': 'bvojtik.c@gmail.com', 'MessageUUID': '13538d56-2574-4a68-b406-19ff1c5e13d9', 'MessageID': 1152921532677536990, 'MessageHref': 'https://api.mailjet.com/v3/REST/message/1152921532677536990'}], 'Cc': [], 'Bcc': []}]}
WARNING 2025-01-17 13:49:32,939 views file_logger Email service triggered. Remaining values of emails today (17) - 4, this month (1/2025) - 4
WARNING 2025-01-17 13:58:35,532 views file_logger Email service triggered. Remaining values of emails today (17/1) - 194, this month (1/2025) - 5994
WARNING 2025-01-17 14:00:31,264 views file_logger Email service triggered. Remaining values of emails today (17/1) - 192, this month (1/2025) - 5992
WARNING 2025-01-17 14:01:10,416 views file_logger Email service triggered. Remaining values of emails today (17/1) - 190, this month (1/2025) - 5990
WARNING 2025-01-17 14:02:13,365 views file_logger Email service triggered. Remaining values of emails today (17/1) - 188, this month (1/2025) - 5988
WARNING 2025-01-17 14:05:16,517 views file_logger Email service triggered. Remaining values of emails today (17/1) - 186, this month (1/2025) - 5986
WARNING 2025-01-17 16:09:47,403 views file_logger Email service triggered. Remaining values of emails today (17/1) - 184, this month (1/2025) - 5984
WARNING 2025-01-17 16:12:01,633 views file_logger Email service triggered. Remaining values of emails today (17/1) - 182, this month (1/2025) - 5982
WARNING 2025-01-17 16:14:05,617 views file_logger Email service triggered. Remaining values of emails today (17/1) - 180, this month (1/2025) - 5980
WARNING 2025-01-17 16:18:49,058 views file_logger Email service triggered. Remaining values of emails today (17/1) - 178, this month (1/2025) - 5978
WARNING 2025-01-17 16:40:04,930 views file_logger Email service triggered. Remaining values of emails today (17/1) - 176, this month (1/2025) - 5976
WARNING 2025-01-17 16:48:13,509 views file_logger Email service triggered. Remaining values of emails today (17/1) - 174, this month (1/2025) - 5974
WARNING 2025-01-17 16:50:23,070 views file_logger Email service triggered. Remaining values of emails today (17/1) - 172, this month (1/2025) - 5972
WARNING 2025-01-17 16:52:55,920 views file_logger Email service triggered. Remaining values of emails today (17/1) - 170, this month (1/2025) - 5970
WARNING 2025-01-18 19:24:01,216 views file_logger Email service triggered. Remaining values of emails today (18/1) - 198, this month (1/2025) - 5968
WARNING 2025-01-23 15:22:21,035 views file_logger Incorrect API key.
CRITICAL 2025-01-23 15:22:21,037 views file_logger Unauthorized attempt to access home page content.
WARNING 2025-01-23 17:43:26,337 views file_logger Incorrect API key.
CRITICAL 2025-01-23 17:43:26,338 views file_logger Unauthorized external access attempt to setting cookies.
WARNING 2025-01-23 17:46:30,441 views file_logger Incorrect API key.
CRITICAL 2025-01-23 17:46:30,452 views file_logger Unauthorized external access attempt to setting cookies.
WARNING 2025-01-23 17:48:21,133 views file_logger Email service triggered. Remaining values of emails today (23/1) - 198, this month (1/2025) - 5966
WARNING 2025-01-23 22:13:31,329 views file_logger CV was downloaded.
WARNING 2025-01-24 13:26:43,235 views file_logger Error page rendered. Header: Too many requests, message: You have made too many requests. Please try again tomorrow., status: 429
WARNING 2025-01-24 13:26:43,300 views file_logger Error page rendered. Header: Too many requests, message: You have made too many requests. Please try again tomorrow., status: 429
WARNING 2025-01-24 13:27:05,377 views file_logger Error page rendered. Header: Too many requests, message: You have made too many requests. Please try again tomorrow., status: 429
WARNING 2025-01-24 13:27:05,438 views file_logger Error page rendered. Header: Too many requests, message: You have made too many requests. Please try again tomorrow., status: 429
WARNING 2025-01-24 13:33:01,480 views file_logger CV was downloaded.
WARNING 2025-01-24 13:33:03,032 views file_logger CV was downloaded.
WARNING 2025-01-24 13:56:39,604 views file_logger Email validation error: The domain name example.com does not accept email.
WARNING 2025-01-24 13:57:41,909 views file_logger Email service triggered. Remaining values of emails today (24/1) - 198, this month (1/2025) - 5964
WARNING 2025-01-24 14:02:37,050 views file_logger Email service triggered. Remaining values of emails today (24/1) - 196, this month (1/2025) - 5962
WARNING 2025-01-24 14:08:33,464 views file_logger Email service triggered. Remaining values of emails today (24/1) - 194, this month (1/2025) - 5960
WARNING 2025-01-24 14:34:57,983 views file_logger Email service triggered. Remaining values of emails today (24/1) - 192, this month (1/2025) - 5958
WARNING 2025-01-24 14:36:26,103 views file_logger Email service triggered. Remaining values of emails today (24/1) - 190, this month (1/2025) - 5956
WARNING 2025-01-24 14:40:56,146 views file_logger Email service triggered. Remaining values of emails today (24/1) - 188, this month (1/2025) - 5954
WARNING 2025-01-24 14:43:32,365 views file_logger Email service triggered. Remaining values of emails today (24/1) - 186, this month (1/2025) - 5952
WARNING 2025-01-24 14:43:43,770 views file_logger Email service triggered. Remaining values of emails today (24/1) - 184, this month (1/2025) - 5950
WARNING 2025-01-24 15:13:24,984 views file_logger Email service triggered. Remaining values of emails today (24/1) - 182, this month (1/2025) - 5948
WARNING 2025-01-24 15:14:59,958 views file_logger Email service triggered. Remaining values of emails today (24/1) - 180, this month (1/2025) - 5946
WARNING 2025-01-24 22:37:29,838 views file_logger Email service triggered. Remaining values of emails today (24/1) - 178, this month (1/2025) - 5944
WARNING 2025-01-24 22:56:25,944 views file_logger CV was downloaded.
WARNING 2025-01-24 22:56:31,033 views file_logger CV was downloaded.
WARNING 2025-01-24 22:56:36,403 views file_logger CV was downloaded.
WARNING 2025-01-24 22:56:40,561 views file_logger CV was downloaded.
WARNING 2025-01-24 22:56:42,645 views file_logger CV was downloaded.
WARNING 2025-01-24 22:56:43,857 views file_logger CV was downloaded.
WARNING 2025-01-24 22:57:20,820 views file_logger CV was downloaded.
WARNING 2025-01-24 22:57:22,337 views file_logger CV was downloaded.
WARNING 2025-01-24 23:03:47,208 views file_logger CV was downloaded.
WARNING 2025-01-24 23:03:51,083 views file_logger CV was downloaded.
WARNING 2025-01-24 23:03:56,957 views file_logger CV was downloaded.
WARNING 2025-01-25 14:36:11,939 views file_logger CV was downloaded.
WARNING 2025-01-25 14:36:17,249 views file_logger CV was downloaded.
WARNING 2025-01-25 14:36:20,587 views file_logger CV was downloaded.
WARNING 2025-01-25 14:46:08,223 views file_logger Error page rendered. Header: Too many requests, message: You have made too many requests. Please try again tomorrow., status: 429
WARNING 2025-01-25 14:46:08,295 views file_logger Error page rendered. Header: Too many requests, message: You have made too many requests. Please try again tomorrow., status: 429
WARNING 2025-01-25 14:47:03,114 views file_logger Error page rendered. Header: Too many requests, message: You have made too many requests. Please try again tomorrow., status: 429
WARNING 2025-01-25 14:47:03,163 views file_logger Error page rendered. Header: Too many requests, message: You have made too many requests. Please try again tomorrow., status: 429
WARNING 2025-01-25 14:47:04,692 views file_logger Error page rendered. Header: Too many requests, message: You have made too many requests. Please try again tomorrow., status: 429
WARNING 2025-01-25 14:47:04,744 views file_logger Error page rendered. Header: Too many requests, message: You have made too many requests. Please try again tomorrow., status: 429
WARNING 2025-01-25 14:47:05,835 views file_logger Error page rendered. Header: Too many requests, message: You have made too many requests. Please try again tomorrow., status: 429
WARNING 2025-01-25 14:47:05,894 views file_logger Error page rendered. Header: Too many requests, message: You have made too many requests. Please try again tomorrow., status: 429
WARNING 2025-01-25 14:47:08,587 views file_logger Error page rendered. Header: Too many requests, message: You have made too many requests. Please try again tomorrow., status: 429
WARNING 2025-01-25 14:47:08,644 views file_logger Error page rendered. Header: Too many requests, message: You have made too many requests. Please try again tomorrow., status: 429
WARNING 2025-01-25 14:48:00,979 views file_logger Email validation error: An email address must have an @-sign.
WARNING 2025-01-25 14:48:27,649 views file_logger Email validation error: The domain name example.com does not accept email.
WARNING 2025-01-25 19:59:53,111 views file_logger Email service triggered. Remaining values of emails today (25/1) - 198, this month (1/2025) - 5942
WARNING 2025-01-25 20:02:10,396 views file_logger Email validation error: An email address must have an @-sign.
WARNING 2025-01-25 20:02:36,945 views file_logger Email validation error: An email address must have an @-sign.
WARNING 2025-01-26 08:26:08,105 views file_logger Email service triggered. Remaining values of emails today (26/1) - 198, this month (1/2025) - 5940
WARNING 2025-01-26 08:52:51,368 views file_logger Email validation error: An email address must have an @-sign.
WARNING 2025-01-26 13:05:06,418 views file_logger Email service triggered. Remaining values of emails today (26/1) - 196, this month (1/2025) - 5938
WARNING 2025-01-26 13:05:29,332 views file_logger Email validation error: An email address must have an @-sign.
WARNING 2025-01-26 13:09:28,263 views file_logger Email validation error: An email address must have an @-sign.
WARNING 2025-01-26 13:13:45,792 views file_logger Email validation error: An email address must have an @-sign.
WARNING 2025-01-26 13:15:24,231 views file_logger Email validation error: An email address must have an @-sign.
WARNING 2025-01-26 13:30:24,986 views file_logger Email validation error: There must be something before the @-sign.
WARNING 2025-01-26 13:34:43,291 views file_logger Email validation error: An email address must have an @-sign.
ERROR 2025-01-26 13:34:43,297 views file_logger FRONTEND ERROR: {}
WARNING 2025-01-26 13:35:06,308 views file_logger Email validation error: An email address must have an @-sign.
ERROR 2025-01-26 13:35:06,312 views file_logger FRONTEND ERROR: {}
WARNING 2025-01-26 13:36:59,484 views file_logger Email validation error: An email address must have an @-sign.
WARNING 2025-01-26 13:37:08,578 views file_logger Email validation error: There must be something after the @-sign.
WARNING 2025-01-26 13:37:14,178 views file_logger Email validation error: The part after the @-sign is not valid. It should have a period.
WARNING 2025-01-26 13:37:23,972 views file_logger Email validation error: An email address cannot end with a period.
WARNING 2025-01-26 13:37:31,145 views file_logger Email validation error: The domain name sad.c does not exist.
WARNING 2025-01-26 13:37:31,224 views file_logger Email validation error: The domain name sad.c does not exist.
WARNING 2025-01-26 13:37:42,407 views file_logger Email validation error: The domain name example.com does not accept email.
WARNING 2025-01-26 13:37:55,621 views file_logger Email validation error: The domain name example.com does not accept email.
WARNING 2025-01-26 13:38:35,743 views file_logger Email service triggered. Remaining values of emails today (26/1) - 194, this month (1/2025) - 5936
WARNING 2025-01-26 13:39:13,255 views file_logger Email service triggered. Remaining values of emails today (26/1) - 192, this month (1/2025) - 5934
WARNING 2025-01-26 13:39:31,121 views file_logger Email service triggered. Remaining values of emails today (26/1) - 190, this month (1/2025) - 5932
WARNING 2025-01-26 13:40:25,047 views file_logger Email service triggered. Remaining values of emails today (26/1) - 188, this month (1/2025) - 5930
WARNING 2025-01-26 13:41:06,703 views file_logger Email validation error: The domain name example.com does not accept email.
ERROR 2025-01-27 13:19:26,217 views file_logger FRONTEND ERROR: {}
ERROR 2025-01-27 13:19:31,032 views file_logger FRONTEND ERROR: {}
ERROR 2025-01-27 13:19:31,955 views file_logger FRONTEND ERROR: {}
WARNING 2025-01-27 13:29:57,898 views file_logger Email service triggered. Remaining values of emails today (27/1) - 198, this month (1/2025) - 5928
WARNING 2025-01-27 13:30:22,026 views file_logger Email validation error: The domain name example.com does not accept email.
WARNING 2025-01-27 13:39:19,079 views file_logger CV was downloaded.
WARNING 2025-01-27 13:41:31,161 views file_logger Email service triggered. Remaining values of emails today (27/1) - 196, this month (1/2025) - 5926
WARNING 2025-01-27 14:01:09,503 views file_logger CV was downloaded.
WARNING 2025-01-27 14:02:47,416 views file_logger Email service triggered. Remaining values of emails today (27/1) - 194, this month (1/2025) - 5924
